{"D:\\Namaste React\\src\\components\\Body.js": {"path":"D:\\Namaste React\\src\\components\\Body.js","statementMap":{"0":{"start":{"line":8,"column":13},"end":{"line":101,"column":1}},"1":{"start":{"line":9,"column":38},"end":{"line":9,"column":50}},"2":{"start":{"line":10,"column":40},"end":{"line":10,"column":52}},"3":{"start":{"line":11,"column":42},"end":{"line":11,"column":54}},"4":{"start":{"line":14,"column":4},"end":{"line":29,"column":5}},"5":{"start":{"line":15,"column":23},"end":{"line":17,"column":7}},"6":{"start":{"line":18,"column":19},"end":{"line":18,"column":40}},"7":{"start":{"line":19,"column":6},"end":{"line":22,"column":8}},"8":{"start":{"line":23,"column":6},"end":{"line":26,"column":8}},"9":{"start":{"line":28,"column":6},"end":{"line":28,"column":63}},"10":{"start":{"line":32,"column":2},"end":{"line":34,"column":9}},"11":{"start":{"line":33,"column":4},"end":{"line":33,"column":24}},"12":{"start":{"line":36,"column":23},"end":{"line":39,"column":3}},"13":{"start":{"line":37,"column":25},"end":{"line":37,"column":60}},"14":{"start":{"line":38,"column":4},"end":{"line":38,"column":33}},"15":{"start":{"line":40,"column":16},"end":{"line":43,"column":3}},"16":{"start":{"line":41,"column":4},"end":{"line":41,"column":33}},"17":{"start":{"line":42,"column":4},"end":{"line":42,"column":22}},"18":{"start":{"line":45,"column":19},"end":{"line":45,"column":30}},"19":{"start":{"line":46,"column":2},"end":{"line":100,"column":3}},"20":{"start":{"line":47,"column":4},"end":{"line":52,"column":6}},"21":{"start":{"line":54,"column":4},"end":{"line":99,"column":6}},"22":{"start":{"line":62,"column":29},"end":{"line":62,"column":58}},"23":{"start":{"line":84,"column":14},"end":{"line":94,"column":21}}},"fnMap":{"0":{"name":"(anonymous_0)","decl":{"start":{"line":8,"column":13},"end":{"line":8,"column":14}},"loc":{"start":{"line":8,"column":27},"end":{"line":101,"column":1}},"line":8},"1":{"name":"getRestaurantData","decl":{"start":{"line":13,"column":17},"end":{"line":13,"column":34}},"loc":{"start":{"line":13,"column":37},"end":{"line":30,"column":3}},"line":13},"2":{"name":"(anonymous_2)","decl":{"start":{"line":32,"column":12},"end":{"line":32,"column":13}},"loc":{"start":{"line":32,"column":18},"end":{"line":34,"column":3}},"line":32},"3":{"name":"(anonymous_3)","decl":{"start":{"line":36,"column":23},"end":{"line":36,"column":24}},"loc":{"start":{"line":36,"column":29},"end":{"line":39,"column":3}},"line":36},"4":{"name":"(anonymous_4)","decl":{"start":{"line":40,"column":16},"end":{"line":40,"column":17}},"loc":{"start":{"line":40,"column":22},"end":{"line":43,"column":3}},"line":40},"5":{"name":"(anonymous_5)","decl":{"start":{"line":62,"column":22},"end":{"line":62,"column":23}},"loc":{"start":{"line":62,"column":29},"end":{"line":62,"column":58}},"line":62},"6":{"name":"(anonymous_6)","decl":{"start":{"line":83,"column":28},"end":{"line":83,"column":29}},"loc":{"start":{"line":84,"column":14},"end":{"line":94,"column":21}},"line":84}},"branchMap":{"0":{"loc":{"start":{"line":46,"column":2},"end":{"line":100,"column":3}},"type":"if","locations":[{"start":{"line":46,"column":2},"end":{"line":100,"column":3}},{"start":{"line":53,"column":9},"end":{"line":100,"column":3}}],"line":46},"1":{"loc":{"start":{"line":80,"column":11},"end":{"line":96,"column":11}},"type":"cond-expr","locations":[{"start":{"line":81,"column":12},"end":{"line":81,"column":23}},{"start":{"line":83,"column":12},"end":{"line":95,"column":14}}],"line":80}},"s":{"0":1,"1":0,"2":0,"3":0,"4":0,"5":0,"6":0,"7":0,"8":0,"9":0,"10":0,"11":0,"12":0,"13":0,"14":0,"15":0,"16":0,"17":0,"18":0,"19":0,"20":0,"21":0,"22":0,"23":0},"f":{"0":0,"1":0,"2":0,"3":0,"4":0,"5":0,"6":0},"b":{"0":[0,0],"1":[0,0]},"_coverageSchema":"1a1c01bbd47fc00a2c39e90264f33305004495a9","hash":"c9d910bfacbe5420507c90dc03e68f6ccaf9cdc2"}
,"D:\\Namaste React\\src\\components\\Header.js": {"path":"D:\\Namaste React\\src\\components\\Header.js","statementMap":{"0":{"start":{"line":7,"column":14},"end":{"line":16,"column":1}},"1":{"start":{"line":8,"column":2},"end":{"line":15,"column":4}},"2":{"start":{"line":17,"column":15},"end":{"line":53,"column":1}},"3":{"start":{"line":18,"column":28},"end":{"line":18,"column":50}},"4":{"start":{"line":19,"column":22},"end":{"line":21,"column":3}},"5":{"start":{"line":20,"column":4},"end":{"line":20,"column":74}},"6":{"start":{"line":22,"column":20},"end":{"line":22,"column":60}},"7":{"start":{"line":22,"column":43},"end":{"line":22,"column":59}},"8":{"start":{"line":23,"column":2},"end":{"line":23,"column":25}},"9":{"start":{"line":24,"column":2},"end":{"line":52,"column":4}}},"fnMap":{"0":{"name":"(anonymous_0)","decl":{"start":{"line":7,"column":14},"end":{"line":7,"column":15}},"loc":{"start":{"line":7,"column":20},"end":{"line":16,"column":1}},"line":7},"1":{"name":"(anonymous_1)","decl":{"start":{"line":17,"column":15},"end":{"line":17,"column":16}},"loc":{"start":{"line":17,"column":21},"end":{"line":53,"column":1}},"line":17},"2":{"name":"(anonymous_2)","decl":{"start":{"line":19,"column":22},"end":{"line":19,"column":23}},"loc":{"start":{"line":19,"column":28},"end":{"line":21,"column":3}},"line":19},"3":{"name":"(anonymous_3)","decl":{"start":{"line":22,"column":32},"end":{"line":22,"column":33}},"loc":{"start":{"line":22,"column":43},"end":{"line":22,"column":59}},"line":22}},"branchMap":{"0":{"loc":{"start":{"line":20,"column":4},"end":{"line":20,"column":73}},"type":"cond-expr","locations":[{"start":{"line":20,"column":27},"end":{"line":20,"column":49}},{"start":{"line":20,"column":52},"end":{"line":20,"column":73}}],"line":20}},"s":{"0":1,"1":2,"2":1,"3":2,"4":2,"5":0,"6":2,"7":4,"8":2,"9":2},"f":{"0":2,"1":2,"2":0,"3":4},"b":{"0":[0,0]},"_coverageSchema":"1a1c01bbd47fc00a2c39e90264f33305004495a9","hash":"d9230d371a12128f2ab0d1339e236a5d0811ce32"}
,"D:\\Namaste React\\src\\components\\Shimmerr.js": {"path":"D:\\Namaste React\\src\\components\\Shimmerr.js","statementMap":{"0":{"start":{"line":1,"column":16},"end":{"line":11,"column":1}},"1":{"start":{"line":2,"column":2},"end":{"line":10,"column":7}},"2":{"start":{"line":5,"column":6},"end":{"line":9,"column":13}}},"fnMap":{"0":{"name":"(anonymous_0)","decl":{"start":{"line":1,"column":16},"end":{"line":1,"column":17}},"loc":{"start":{"line":1,"column":22},"end":{"line":11,"column":1}},"line":1},"1":{"name":"(anonymous_1)","decl":{"start":{"line":4,"column":9},"end":{"line":4,"column":10}},"loc":{"start":{"line":5,"column":6},"end":{"line":9,"column":13}},"line":5}},"branchMap":{},"s":{"0":1,"1":0,"2":0},"f":{"0":0,"1":0},"b":{},"_coverageSchema":"1a1c01bbd47fc00a2c39e90264f33305004495a9","hash":"698069ab22ce4a8da4b8db885441341fa9d4b6df"}
,"D:\\Namaste React\\src\\mocks\\Data.js": {"path":"D:\\Namaste React\\src\\mocks\\Data.js","statementMap":{"0":{"start":{"line":1,"column":32},"end":{"line":4500,"column":1}}},"fnMap":{},"branchMap":{},"s":{"0":1},"f":{},"b":{},"_coverageSchema":"1a1c01bbd47fc00a2c39e90264f33305004495a9","hash":"a969c7dc008dff88a44a8a7ff6222744bb5a6d31"}
,"D:\\Namaste React\\src\\mocks\\dummyLogo.js": {"path":"D:\\Namaste React\\src\\mocks\\dummyLogo.js","statementMap":{},"fnMap":{},"branchMap":{},"s":{},"f":{},"b":{},"_coverageSchema":"1a1c01bbd47fc00a2c39e90264f33305004495a9","hash":"6423cead3ecb3e22fca51b8e198fae145aca1972"}
,"D:\\Namaste React\\src\\utils\\store.js": {"path":"D:\\Namaste React\\src\\utils\\store.js","statementMap":{"0":{"start":{"line":4,"column":14},"end":{"line":8,"column":2}}},"fnMap":{},"branchMap":{},"s":{"0":2},"f":{},"b":{},"_coverageSchema":"1a1c01bbd47fc00a2c39e90264f33305004495a9","hash":"b9cc274038aad5d482b5efaa6dedd25907df85c0"}
}
